<?xml version="1.0" encoding="UTF-8"?>
<!-- Generated by org.testng.reporters.JUnitReportReporter -->
<testsuite skipped="0" hostname="LAPTOP-N0G0NBDP" name="com.qa.Tests.WikiCreateAccountPageTest" tests="2" failures="0" timestamp="15 Jan 2021 01:57:48 GMT" time="36.915" errors="0">
  <testcase name="TestNewAccountCreate" time="17.133" classname="com.qa.Tests.WikiCreateAccountPageTest"/>
  <testcase name="testloginLinkClick" time="19.782" classname="com.qa.Tests.WikiCreateAccountPageTest"/>
</testsuite> <!-- com.qa.Tests.WikiCreateAccountPageTest -->
