<?xml version="1.0" encoding="UTF-8"?>
<!-- Generated by org.testng.reporters.JUnitReportReporter -->
<testsuite skipped="0" hostname="LAPTOP-N0G0NBDP" name="com.qa.Tests.WikiHomePageTest" tests="4" failures="0" timestamp="15 Jan 2021 01:28:17 GMT" time="39.777" errors="0">
  <testcase name="TestValidatePageTitle" time="8.490" classname="com.qa.Tests.WikiHomePageTest"/>
  <testcase name="testsearchBox" time="11.981" classname="com.qa.Tests.WikiHomePageTest"/>
  <testcase name="testPageUrl" time="8.380" classname="com.qa.Tests.WikiHomePageTest"/>
  <testcase name="testsearchboxAvail" time="10.926" classname="com.qa.Tests.WikiHomePageTest"/>
</testsuite> <!-- com.qa.Tests.WikiHomePageTest -->
