<?xml version="1.0" encoding="UTF-8"?>
<!-- Generated by org.testng.reporters.JUnitReportReporter -->
<testsuite skipped="0" hostname="LAPTOP-N0G0NBDP" name="com.qa.Tests.WikiSearchPageTest" tests="4" failures="0" timestamp="15 Jan 2021 01:43:03 GMT" time="58.469" errors="0">
  <testcase name="verifywikipageTitle" time="13.532" classname="com.qa.Tests.WikiSearchPageTest"/>
  <testcase name="TestCreateAccountLink" time="14.424" classname="com.qa.Tests.WikiSearchPageTest"/>
  <testcase name="TestMainPageLink" time="14.263" classname="com.qa.Tests.WikiSearchPageTest"/>
  <testcase name="TestContactUs" time="16.250" classname="com.qa.Tests.WikiSearchPageTest"/>
</testsuite> <!-- com.qa.Tests.WikiSearchPageTest -->
